<?xml version="1.0" encoding="UTF-8"?>
<testsuite name="FizzBuzzCounterTest" tests="3" skipped="0" failures="0" errors="0" timestamp="2021-09-21T12:29:14" hostname="FVFFX3M9Q05P" time="0.04">
  <properties/>
  <testcase name="fizzCount returns number of Buzzes excluding FizzBuzzes" classname="FizzBuzzCounterTest" time="0.031"/>
  <testcase name="fizzCount returns number of Fizzes" classname="FizzBuzzCounterTest" time="0.003"/>
  <testcase name="fizzCount returns number of Fizzes excluding FizzBuzzes" classname="FizzBuzzCounterTest" time="0.002"/>
  <system-out><![CDATA[]]></system-out>
  <system-err><![CDATA[]]></system-err>
</testsuite>
