<?xml version="1.0" encoding="UTF-8"?>
<testsuite name="FizzBuzzTest" tests="1" skipped="0" failures="0" errors="0" timestamp="2021-09-21T08:43:58" hostname="FVFFX3M9Q05P" time="0.029">
  <properties/>
  <testcase name="Can return non-special number" classname="FizzBuzzTest" time="0.029"/>
  <system-out><![CDATA[]]></system-out>
  <system-err><![CDATA[]]></system-err>
</testsuite>
