<?xml version="1.0" encoding="UTF-8"?>
<testsuite name="FizzBuzzConverterTest" tests="4" skipped="0" failures="0" errors="0" timestamp="2021-09-21T12:25:48" hostname="FVFFX3M9Q05P" time="0.036">
  <properties/>
  <testcase name="Returns multiples of three and five as FizzBuzz" classname="FizzBuzzConverterTest" time="0.026"/>
  <testcase name="Returns multiples of three as Fizz" classname="FizzBuzzConverterTest" time="0.001"/>
  <testcase name="Returns non-special number as string" classname="FizzBuzzConverterTest" time="0.001"/>
  <testcase name="Returns multiples of five as Buzz" classname="FizzBuzzConverterTest" time="0.001"/>
  <system-out><![CDATA[]]></system-out>
  <system-err><![CDATA[]]></system-err>
</testsuite>
