<?xml version="1.0" encoding="UTF-8"?>
<testsuite name="FizzBuzzPrinterTest" tests="1" skipped="0" failures="0" errors="0" timestamp="2021-09-21T13:49:11" hostname="FVFFX3M9Q05P" time="0.128">
  <properties/>
  <testcase name="returns correct format string" classname="FizzBuzzPrinterTest" time="0.128"/>
  <system-out><![CDATA[]]></system-out>
  <system-err><![CDATA[]]></system-err>
</testsuite>
