<?xml version="1.0" encoding="UTF-8"?>
<testsuite name="FizzBuzzCounterTest" tests="1" skipped="0" failures="0" errors="0" timestamp="2021-09-21T12:12:47" hostname="FVFFX3M9Q05P" time="0.024">
  <properties/>
  <testcase name="fizzCount returns number of Fizzes" classname="FizzBuzzCounterTest" time="0.024"/>
  <system-out><![CDATA[]]></system-out>
  <system-err><![CDATA[]]></system-err>
</testsuite>
