<?xml version="1.0" encoding="UTF-8"?>
<testsuite name="FizzBuzzCounterTest" tests="4" skipped="0" failures="0" errors="0" timestamp="2021-09-21T12:39:57" hostname="FVFFX3M9Q05P" time="0.048">
  <properties/>
  <testcase name="fizzCount returns number of Fizzes" classname="FizzBuzzCounterTest" time="0.037"/>
  <testcase name="fizzCount returns number of Fizzes excluding FizzBuzzes" classname="FizzBuzzCounterTest" time="0.001"/>
  <testcase name="fizzBuzzCount returns number of FizzBuzzes" classname="FizzBuzzCounterTest" time="0.002"/>
  <testcase name="buzzCount returns number of Buzzes excluding FizzBuzzes" classname="FizzBuzzCounterTest" time="0.001"/>
  <system-out><![CDATA[]]></system-out>
  <system-err><![CDATA[]]></system-err>
</testsuite>
